<?xml version="1.0" encoding="UTF-8"?>
<testsuite xmlns:xsi="http://www.w3.org/2001/XMLSchema-instance" xsi:noNamespaceSchemaLocation="https://maven.apache.org/surefire/maven-surefire-plugin/xsd/surefire-test-report.xsd" name="conduit.ConduitTest" time="10.379" tests="7" errors="0" skipped="0" failures="1">
  <properties>
    <property name="sun.desktop" value="windows"/>
    <property name="awt.toolkit" value="sun.awt.windows.WToolkit"/>
    <property name="file.encoding.pkg" value="sun.io"/>
    <property name="java.specification.version" value="1.8"/>
    <property name="sun.cpu.isalist" value="amd64"/>
    <property name="sun.jnu.encoding" value="Cp1252"/>
    <property name="java.class.path" value="C:\Users\401323\Automation\Karate\KarateAutomation\Karate-API\target\test-classes;C:\Users\401323\Automation\Karate\KarateAutomation\Karate-API\target\classes;C:\Users\401323\.m2\repository\com\intuit\karate\karate-apache\0.9.6\karate-apache-0.9.6.jar;C:\Users\401323\.m2\repository\com\intuit\karate\karate-core\0.9.6\karate-core-0.9.6.jar;C:\Users\401323\.m2\repository\com\jayway\jsonpath\json-path\2.4.0\json-path-2.4.0.jar;C:\Users\401323\.m2\repository\net\minidev\json-smart\2.3\json-smart-2.3.jar;C:\Users\401323\.m2\repository\net\minidev\accessors-smart\1.2\accessors-smart-1.2.jar;C:\Users\401323\.m2\repository\org\ow2\asm\asm\5.0.4\asm-5.0.4.jar;C:\Users\401323\.m2\repository\info\cukes\cucumber-java\1.2.5\cucumber-java-1.2.5.jar;C:\Users\401323\.m2\repository\info\cukes\cucumber-core\1.2.5\cucumber-core-1.2.5.jar;C:\Users\401323\.m2\repository\org\yaml\snakeyaml\1.24\snakeyaml-1.24.jar;C:\Users\401323\.m2\repository\de\siegmar\fastcsv\1.0.3\fastcsv-1.0.3.jar;C:\Users\401323\.m2\repository\info\picocli\picocli\4.0.3\picocli-4.0.3.jar;C:\Users\401323\.m2\repository\org\apache\httpcomponents\httpclient\4.5.12\httpclient-4.5.12.jar;C:\Users\401323\.m2\repository\org\apache\httpcomponents\httpcore\4.4.13\httpcore-4.4.13.jar;C:\Users\401323\.m2\repository\commons-codec\commons-codec\1.11\commons-codec-1.11.jar;C:\Users\401323\.m2\repository\org\apache\httpcomponents\httpmime\4.5.12\httpmime-4.5.12.jar;C:\Users\401323\.m2\repository\org\slf4j\jcl-over-slf4j\1.7.25\jcl-over-slf4j-1.7.25.jar;C:\Users\401323\.m2\repository\org\slf4j\slf4j-api\1.7.25\slf4j-api-1.7.25.jar;C:\Users\401323\.m2\repository\ch\qos\logback\logback-classic\1.2.3\logback-classic-1.2.3.jar;C:\Users\401323\.m2\repository\ch\qos\logback\logback-core\1.2.3\logback-core-1.2.3.jar;C:\Users\401323\.m2\repository\com\intuit\karate\karate-junit5\0.9.6\karate-junit5-0.9.6.jar;C:\Users\401323\.m2\repository\org\junit\jupiter\junit-jupiter-api\5.5.0\junit-jupiter-api-5.5.0.jar;C:\Users\401323\.m2\repository\org\apiguardian\apiguardian-api\1.1.0\apiguardian-api-1.1.0.jar;C:\Users\401323\.m2\repository\org\opentest4j\opentest4j\1.2.0\opentest4j-1.2.0.jar;C:\Users\401323\.m2\repository\org\junit\platform\junit-platform-commons\1.5.0\junit-platform-commons-1.5.0.jar;C:\Users\401323\.m2\repository\org\junit\jupiter\junit-jupiter-engine\5.5.0\junit-jupiter-engine-5.5.0.jar;C:\Users\401323\.m2\repository\org\junit\platform\junit-platform-engine\1.5.0\junit-platform-engine-1.5.0.jar;"/>
    <property name="java.vm.vendor" value="Oracle Corporation"/>
    <property name="sun.arch.data.model" value="64"/>
    <property name="user.variant" value=""/>
    <property name="java.vendor.url" value="http://java.oracle.com/"/>
    <property name="user.timezone" value="Europe/Berlin"/>
    <property name="java.vm.specification.version" value="1.8"/>
    <property name="os.name" value="Windows 10"/>
    <property name="user.country" value="US"/>
    <property name="sun.java.launcher" value="SUN_STANDARD"/>
    <property name="sun.boot.library.path" value="C:\Program Files\Java\jdk1.8.0_241\jre\bin"/>
    <property name="sun.java.command" value="C:\Users\401323\AppData\Local\Temp\surefire5246269529483245463\surefirebooter8225596443825187398.jar C:\Users\401323\AppData\Local\Temp\surefire5246269529483245463 2021-02-22T01-31-51_655-jvmRun1 surefire5853985705038166065tmp surefire_0797906970054534787tmp"/>
    <property name="surefire.test.class.path" value="C:\Users\401323\Automation\Karate\KarateAutomation\Karate-API\target\test-classes;C:\Users\401323\Automation\Karate\KarateAutomation\Karate-API\target\classes;C:\Users\401323\.m2\repository\com\intuit\karate\karate-apache\0.9.6\karate-apache-0.9.6.jar;C:\Users\401323\.m2\repository\com\intuit\karate\karate-core\0.9.6\karate-core-0.9.6.jar;C:\Users\401323\.m2\repository\com\jayway\jsonpath\json-path\2.4.0\json-path-2.4.0.jar;C:\Users\401323\.m2\repository\net\minidev\json-smart\2.3\json-smart-2.3.jar;C:\Users\401323\.m2\repository\net\minidev\accessors-smart\1.2\accessors-smart-1.2.jar;C:\Users\401323\.m2\repository\org\ow2\asm\asm\5.0.4\asm-5.0.4.jar;C:\Users\401323\.m2\repository\info\cukes\cucumber-java\1.2.5\cucumber-java-1.2.5.jar;C:\Users\401323\.m2\repository\info\cukes\cucumber-core\1.2.5\cucumber-core-1.2.5.jar;C:\Users\401323\.m2\repository\org\yaml\snakeyaml\1.24\snakeyaml-1.24.jar;C:\Users\401323\.m2\repository\de\siegmar\fastcsv\1.0.3\fastcsv-1.0.3.jar;C:\Users\401323\.m2\repository\info\picocli\picocli\4.0.3\picocli-4.0.3.jar;C:\Users\401323\.m2\repository\org\apache\httpcomponents\httpclient\4.5.12\httpclient-4.5.12.jar;C:\Users\401323\.m2\repository\org\apache\httpcomponents\httpcore\4.4.13\httpcore-4.4.13.jar;C:\Users\401323\.m2\repository\commons-codec\commons-codec\1.11\commons-codec-1.11.jar;C:\Users\401323\.m2\repository\org\apache\httpcomponents\httpmime\4.5.12\httpmime-4.5.12.jar;C:\Users\401323\.m2\repository\org\slf4j\jcl-over-slf4j\1.7.25\jcl-over-slf4j-1.7.25.jar;C:\Users\401323\.m2\repository\org\slf4j\slf4j-api\1.7.25\slf4j-api-1.7.25.jar;C:\Users\401323\.m2\repository\ch\qos\logback\logback-classic\1.2.3\logback-classic-1.2.3.jar;C:\Users\401323\.m2\repository\ch\qos\logback\logback-core\1.2.3\logback-core-1.2.3.jar;C:\Users\401323\.m2\repository\com\intuit\karate\karate-junit5\0.9.6\karate-junit5-0.9.6.jar;C:\Users\401323\.m2\repository\org\junit\jupiter\junit-jupiter-api\5.5.0\junit-jupiter-api-5.5.0.jar;C:\Users\401323\.m2\repository\org\apiguardian\apiguardian-api\1.1.0\apiguardian-api-1.1.0.jar;C:\Users\401323\.m2\repository\org\opentest4j\opentest4j\1.2.0\opentest4j-1.2.0.jar;C:\Users\401323\.m2\repository\org\junit\platform\junit-platform-commons\1.5.0\junit-platform-commons-1.5.0.jar;C:\Users\401323\.m2\repository\org\junit\jupiter\junit-jupiter-engine\5.5.0\junit-jupiter-engine-5.5.0.jar;C:\Users\401323\.m2\repository\org\junit\platform\junit-platform-engine\1.5.0\junit-platform-engine-1.5.0.jar;"/>
    <property name="sun.cpu.endian" value="little"/>
    <property name="user.home" value="C:\Users\401323"/>
    <property name="user.language" value="en"/>
    <property name="java.specification.vendor" value="Oracle Corporation"/>
    <property name="java.home" value="C:\Program Files\Java\jdk1.8.0_241\jre"/>
    <property name="basedir" value="C:\Users\401323\Automation\Karate\KarateAutomation\Karate-API"/>
    <property name="file.separator" value="\"/>
    <property name="line.separator" value="&#10;"/>
    <property name="java.vm.specification.vendor" value="Oracle Corporation"/>
    <property name="java.specification.name" value="Java Platform API Specification"/>
    <property name="java.awt.graphicsenv" value="sun.awt.Win32GraphicsEnvironment"/>
    <property name="karate.options" value="--tags ~@ignore"/>
    <property name="surefire.real.class.path" value="C:\Users\401323\AppData\Local\Temp\surefire5246269529483245463\surefirebooter8225596443825187398.jar"/>
    <property name="sun.boot.class.path" value="C:\Program Files\Java\jdk1.8.0_241\jre\lib\resources.jar;C:\Program Files\Java\jdk1.8.0_241\jre\lib\rt.jar;C:\Program Files\Java\jdk1.8.0_241\jre\lib\sunrsasign.jar;C:\Program Files\Java\jdk1.8.0_241\jre\lib\jsse.jar;C:\Program Files\Java\jdk1.8.0_241\jre\lib\jce.jar;C:\Program Files\Java\jdk1.8.0_241\jre\lib\charsets.jar;C:\Program Files\Java\jdk1.8.0_241\jre\lib\jfr.jar;C:\Program Files\Java\jdk1.8.0_241\jre\classes"/>
    <property name="user.script" value=""/>
    <property name="sun.management.compiler" value="HotSpot 64-Bit Tiered Compilers"/>
    <property name="java.runtime.version" value="1.8.0_241-b07"/>
    <property name="user.name" value="401323"/>
    <property name="path.separator" value=";"/>
    <property name="os.version" value="10.0"/>
    <property name="java.endorsed.dirs" value="C:\Program Files\Java\jdk1.8.0_241\jre\lib\endorsed"/>
    <property name="java.runtime.name" value="Java(TM) SE Runtime Environment"/>
    <property name="file.encoding" value="Cp1252"/>
    <property name="java.vm.name" value="Java HotSpot(TM) 64-Bit Server VM"/>
    <property name="localRepository" value="C:\Users\401323\.m2\repository"/>
    <property name="java.vendor.url.bug" value="http://bugreport.sun.com/bugreport/"/>
    <property name="java.io.tmpdir" value="C:\Users\401323\AppData\Local\Temp\"/>
    <property name="java.version" value="1.8.0_241"/>
    <property name="user.dir" value="C:\Users\401323\Automation\Karate\KarateAutomation\Karate-API"/>
    <property name="os.arch" value="amd64"/>
    <property name="java.vm.specification.name" value="Java Virtual Machine Specification"/>
    <property name="java.awt.printerjob" value="sun.awt.windows.WPrinterJob"/>
    <property name="sun.os.patch.level" value=""/>
    <property name="java.library.path" value="C:\Program Files\Java\jdk1.8.0_241\jre\bin;C:\WINDOWS\Sun\Java\bin;C:\WINDOWS\system32;C:\WINDOWS;C:\Program Files (x86)\Python36-32\Scripts\;C:\Program Files (x86)\Python36-32\;C:\Program Files (x86)\Common Files\Oracle\Java\javapath;C:\WINDOWS\system32;C:\WINDOWS;C:\WINDOWS\System32\Wbem;C:\WINDOWS\System32\WindowsPowerShell\v1.0\;C:\WINDOWS\System32\OpenSSH\;C:\Program Files\Java\jdk1.8.0_241;C:\Program Files\nodejs\;;C:\Program Files\Docker\Docker\resources\bin;C:\ProgramData\DockerDesktop\version-bin;C:\Users\401323\AppData\Local\Microsoft\WindowsApps;C:\Development_Avecto\apache-maven-3.6.3\bin;C:\Users\401323\AppData\Local\GitHubDesktop\bin;C:\Users\401323\AppData\Local\Programs\Git\cmd;C:\Users\401323\AppData\Local\Programs\Microsoft VS Code\bin;C:\Program Files\Java\jdk1.8.0_241\bin;C:\Users\401323\AppData\Local\Google\Cloud SDK\google-cloud-sdk\bin;."/>
    <property name="java.vm.info" value="mixed mode"/>
    <property name="java.vendor" value="Oracle Corporation"/>
    <property name="java.vm.version" value="25.241-b07"/>
    <property name="java.ext.dirs" value="C:\Program Files\Java\jdk1.8.0_241\jre\lib\ext;C:\WINDOWS\Sun\Java\lib\ext"/>
    <property name="sun.io.unicode.encoding" value="UnicodeLittle"/>
    <property name="java.class.version" value="52.0"/>
  </properties>
  <testcase name="testAll[1][1]" classname="conduit.ConduitTest" time="2.524"/>
  <testcase name="testAll[1][2]" classname="conduit.ConduitTest" time="3.14"/>
  <testcase name="testAll[2][1]" classname="conduit.ConduitTest" time="0.981"/>
  <testcase name="testAll[2][2]" classname="conduit.ConduitTest" time="1.451"/>
  <testcase name="testAll[3][1]" classname="conduit.ConduitTest" time="0.25">
    <failure message="SignUp.feature:22 - status code was: 422, expected: 200, response time: 484, url: https://conduit.productionready.io/api/users, response: {&quot;errors&quot;:{&quot;email&quot;:[&quot;has already been taken&quot;],&quot;username&quot;:[&quot;has already been taken&quot;]}}" type="org.opentest4j.AssertionFailedError">org.opentest4j.AssertionFailedError: SignUp.feature:22 - status code was: 422, expected: 200, response time: 484, url: https://conduit.productionready.io/api/users, response: {"errors":{"email":["has already been taken"],"username":["has already been taken"]}}
</failure>
    <system-out><![CDATA[01:32:01.981 [main] INFO  com.intuit.karate - karate.env system property was:  
01:32:02.006 [main] DEBUG com.intuit.karate - request:
1 > POST https://conduit.productionready.io/api/users
1 > Accept-Encoding: gzip,deflate
1 > Authorization: Token eyJ0eXAiOiJKV1QiLCJhbGciOiJIUzI1NiJ9.eyJpZCI6MTQzNTgxLCJ1c2VybmFtZSI6ImthcmF0ZXRlc3R1c2VyIiwiZXhwIjoxNjE5MTM3ODQ2fQ.cAg0cm05sRi34Em3CDYo1krA5zCaMCILG3aVMrPKY34
1 > Connection: Keep-Alive
1 > Content-Length: 91
1 > Content-Type: application/json; charset=UTF-8
1 > Host: conduit.productionready.io
1 > User-Agent: Apache-HttpClient/4.5.12 (Java/1.8.0_241)
{"user":{"email":"karateUserZXC@gmail.com","password":"qwert12345","username":"KarateZXC"}}

01:32:02.491 [main] DEBUG com.intuit.karate - response time in milliseconds: 484.28
1 < 422
1 < CF-Cache-Status: DYNAMIC
1 < CF-RAY: 625499d9e874edff-CDG
1 < Cache-Control: no-cache
1 < Connection: keep-alive
1 < Content-Type: application/json; charset=utf-8
1 < Date: Mon, 22 Feb 2021 00:30:52 GMT
1 < Expect-CT: max-age=604800, report-uri="https://report-uri.cloudflare.com/cdn-cgi/beacon/expect-ct"
1 < NEL: {"report_to":"cf-nel","max_age":604800}
1 < Report-To: {"max_age":604800,"group":"cf-nel","endpoints":[{"url":"https:\/\/a.nel.cloudflare.com\/report?s=JHwRe91TibXNFWG0walDajreak%2Fi08SY3xZHAPZJmBuG0BNTQ1VXqbhYJuZVV23z%2F%2F4eHxAKWuikfm0L3KqOT3J1Gx7v1eqdoaCqEoAPxrKCZrn9HYXf6ZNw6w%3D%3D"}]}
1 < Server: cloudflare
1 < Set-Cookie: __cfduid=d7bca5fad239a6b414c291fbb36fa494d1613953852; expires=Wed, 24-Mar-21 00:30:52 GMT; path=/; domain=.productionready.io; HttpOnly; SameSite=Lax
1 < Status: 422 Unprocessable Entity
1 < Transfer-Encoding: chunked
1 < Vary: Origin
1 < X-Content-Type-Options: nosniff
1 < X-Frame-Options: SAMEORIGIN
1 < X-Powered-By: Phusion Passenger 4.0.60
1 < X-Request-Id: 076815a1-8d75-4cc6-b676-35fe01d3cbe7
1 < X-Runtime: 0.085280
1 < X-XSS-Protection: 1; mode=block
1 < cf-request-id: 0868be7c350000edff81bf1000000001
{"errors":{"email":["has already been taken"],"username":["has already been taken"]}}

01:32:02.492 [main] ERROR com.intuit.karate - status code was: 422, expected: 200, response time: 484, url: https://conduit.productionready.io/api/users, response: {"errors":{"email":["has already been taken"],"username":["has already been taken"]}}
---------------------------------------------------------
feature: classpath:conduit/feature/SignUp.feature
scenarios:  1 | passed:  0 | failed:  1 | time: 0.5023
---------------------------------------------------------
]]></system-out>
  </testcase>
  <testcase name="testAll[4][1]" classname="conduit.ConduitTest" time="0.555"/>
  <testcase name="testAll[5][1]" classname="conduit.ConduitTest" time="0.523"/>
</testsuite>